<?xml version="1.0" encoding="UTF-8"?>
<!-- Generated by org.testng.reporters.JUnitXMLReporter -->
<testsuite hostname="ArjunGupta" name="Test1" tests="1" failures="0" timestamp="26 Dec 2019 12:23:03 GMT" time="0.442" errors="0">
  <testcase name="@BeforeMethod launchapp" time="0.0" classname="com.actitime.test.TestValidLogin">
    <failure type="java.lang.IllegalStateException" message="The path to the driver executable must be set by the webdriver.chrome.driver system property; for more information, see https://github.com/SeleniumHQ/selenium/wiki/ChromeDriver. The latest version can be downloaded from http://chromedriver.storage.googleapis.com/index.html">
      <![CDATA[java.lang.IllegalStateException: The path to the driver executable must be set by the webdriver.chrome.driver system property; for more information, see https://github.com/SeleniumHQ/selenium/wiki/ChromeDriver. The latest version can be downloaded from http://chromedriver.storage.googleapis.com/index.html
	at com.google.common.base.Preconditions.checkState(Preconditions.java:847)
	at org.openqa.selenium.remote.service.DriverService.findExecutable(DriverService.java:134)
	at org.openqa.selenium.chrome.ChromeDriverService.access$000(ChromeDriverService.java:35)
	at org.openqa.selenium.chrome.ChromeDriverService$Builder.findDefaultExecutable(ChromeDriverService.java:159)
	at org.openqa.selenium.remote.service.DriverService$Builder.build(DriverService.java:355)
	at org.openqa.selenium.chrome.ChromeDriverService.createDefaultService(ChromeDriverService.java:94)
	at org.openqa.selenium.chrome.ChromeDriver.<init>(ChromeDriver.java:123)
	at com.actitime.generic.BaseClass.launchapp(BaseClass.java:19)
... Removed 27 stack frames]]>
    </failure>
  </testcase> <!-- @BeforeMethod launchapp -->
  <testcase name="@AfterMethod teardown" time="0.0" classname="com.actitime.test.TestValidLogin">
    <skipped/>
  </testcase> <!-- @AfterMethod teardown -->
  <testcase name="testVTC1" time="0.019" classname="com.actitime.test.TestValidLogin">
    <skipped/>
  </testcase> <!-- testVTC1 -->
</testsuite> <!-- Test1 -->
